checkpoints.push(ThetaCheckpoint::new((86, 71.5), (86, 74.5)));
checkpoints.push(ThetaCheckpoint::new((92.5, 67), (95.5, 67)));
checkpoints.push(ThetaCheckpoint::new((92.5, 56), (95.5, 56)));
checkpoints.push(ThetaCheckpoint::new((88, 49.5), (88, 52.5)));
checkpoints.push(ThetaCheckpoint::new((82.5, 49), (85.5, 49)));
checkpoints.push(ThetaCheckpoint::new((82.5, 36), (85.5, 36)));
checkpoints.push(ThetaCheckpoint::new((88, 29.5), (88, 32.5)));
checkpoints.push(ThetaCheckpoint::new((100, 29.5), (100, 32.5)));
checkpoints.push(ThetaCheckpoint::new((111, 30.5), (111, 33.5)));
checkpoints.push(ThetaCheckpoint::new((117.5, 24), (120.5, 24)));
checkpoints.push(ThetaCheckpoint::new((117.5, 11), (120.5, 11)));
checkpoints.push(ThetaCheckpoint::new((113, 4.5), (113, 7.5)));
checkpoints.push(ThetaCheckpoint::new((94, 4.5), (94, 7.5)));
checkpoints.push(ThetaCheckpoint::new((54, 4.5), (54, 7.5)));
checkpoints.push(ThetaCheckpoint::new((31.5, 22), (34.5, 22)));
checkpoints.push(ThetaCheckpoint::new((30.5, 33), (33.5, 33)));
checkpoints.push(ThetaCheckpoint::new((44, 43.5), (44, 46.5)));
checkpoints.push(ThetaCheckpoint::new((55, 42.5), (55, 45.5)));
checkpoints.push(ThetaCheckpoint::new((63.5, 31), (66.5, 31)));
checkpoints.push(ThetaCheckpoint::new((57, 26.5), (57, 29.5)));
checkpoints.push(ThetaCheckpoint::new((49, 26.5), (49, 29.5)));
checkpoints.push(ThetaCheckpoint::new((43.5, 23), (46.5, 23)));
checkpoints.push(ThetaCheckpoint::new((49, 16.5), (49, 19.5)));
checkpoints.push(ThetaCheckpoint::new((68, 17.5), (68, 20.5)));
checkpoints.push(ThetaCheckpoint::new((73.5, 27), (76.5, 27)));
checkpoints.push(ThetaCheckpoint::new((74.5, 40), (77.5, 40)));
checkpoints.push(ThetaCheckpoint::new((62, 51.5), (62, 54.5)));
checkpoints.push(ThetaCheckpoint::new((45, 59.5), (45, 62.5)));
checkpoints.push(ThetaCheckpoint::new((23, 59.5), (23, 62.5)));
checkpoints.push(ThetaCheckpoint::new((15.5, 52), (18.5, 52)));
checkpoints.push(ThetaCheckpoint::new((16.5, 32), (19.5, 32)));
checkpoints.push(ThetaCheckpoint::new((13, 20.5), (13, 23.5)));
checkpoints.push(ThetaCheckpoint::new((7, 20.5), (7, 23.5)));
checkpoints.push(ThetaCheckpoint::new((2.5, 30), (5.5, 30)));
checkpoints.push(ThetaCheckpoint::new((1.5, 53), (4.5, 53)));
checkpoints.push(ThetaCheckpoint::new((1.5, 63), (4.5, 63)));
checkpoints.push(ThetaCheckpoint::new((9.5, 72), (12.5, 72)));
checkpoints.push(ThetaCheckpoint::new((17, 73.5), (17, 76.5)));
checkpoints.push(ThetaCheckpoint::new((28, 83.5), (28, 86.5)));
checkpoints.push(ThetaCheckpoint::new((48, 68.5), (48, 71.5)));
checkpoints.push(ThetaCheckpoint::new((58.5, 83), (61.5, 83)));
checkpoints.push(ThetaCheckpoint::new((59.5, 97), (62.5, 97)));
checkpoints.push(ThetaCheckpoint::new((58.5, 108), (61.5, 108)));
checkpoints.push(ThetaCheckpoint::new((66, 112.5), (66, 115.5)));
checkpoints.push(ThetaCheckpoint::new((84, 112.5), (84, 115.5)));
checkpoints.push(ThetaCheckpoint::new((102, 111.5), (102, 114.5)));
checkpoints.push(ThetaCheckpoint::new((108.5, 106), (111.5, 106)));
checkpoints.push(ThetaCheckpoint::new((109.5, 89), (112.5, 89)));
checkpoints.push(ThetaCheckpoint::new((102, 81.5), (102, 84.5)));
checkpoints.push(ThetaCheckpoint::new((87, 80.5), (87, 83.5)));
